========================================
  Apollova - Build All Executables
  Setup.exe + Apollova.exe + Uninstall.exe
========================================

Found:
Python 3.11.9

Verifying source files...
All source files present.

Cleaning previous builds...

[Building Setup.exe ΓÇö with bundled assets]
cmd.exe : 169 INFO: PyInstaller: 6.19.0, contrib hooks: 2026.1
At C:\Users\aliba\Downloads\Apollova\Apollova\Apollova-Installer\run_build.ps1:6 char:11
+ $output = & cmd.exe /c "`"$batFile`"" 2>&1
+           ~~~~~~~~~~~~~~~~~~~~~~~~~~~~~~~~
    + CategoryInfo          : NotSpecified: (169 INFO: PyIns...b hooks: 2026.1:String) [], RemoteException
    + FullyQualifiedErrorId : NativeCommandError
 
169 INFO: Python: 3.11.9
181 INFO: Platform: Windows-10-10.0.26200-SP0
181 INFO: Python environment: C:\Program Files\Python311
182 INFO: wrote C:\Users\aliba\Downloads\Apollova\Apollova\Apollova-Installer\build_temp\Setup.spec
186 INFO: Removing temporary files and cleaning cache in C:\Users\aliba\AppData\Local\pyinstaller
2806 INFO: Module search paths (PYTHONPATH):
['C:\\Users\\aliba\\Downloads\\Apollova\\Apollova\\Apollova-Installer',
 'C:\\Program Files\\Python311\\python311.zip',
 'C:\\Program Files\\Python311\\DLLs',
 'C:\\Program Files\\Python311\\Lib',
 'C:\\Program Files\\Python311',
 'C:\\Users\\aliba\\AppData\\Roaming\\Python\\Python311\\site-packages',
 'C:\\Program Files\\Python311\\Lib\\site-packages',
 'C:\\Program Files\\Python311\\Lib\\site-packages\\win32',
 'C:\\Program Files\\Python311\\Lib\\site-packages\\win32\\lib',
 'C:\\Program Files\\Python311\\Lib\\site-packages\\Pythonwin',
 'C:\\Users\\aliba\\Downloads\\Apollova\\Apollova\\Apollova-Installer']
4560 INFO: Appending 'binaries' from .spec
4594 INFO: Appending 'datas' from .spec
5028 INFO: checking Analysis
5028 INFO: Building Analysis because Analysis-00.toc is non existent
5028 INFO: Looking for Python shared library...
5028 INFO: Using Python shared library: C:\Program Files\Python311\python311.dll
5028 INFO: Running Analysis Analysis-00.toc
5028 INFO: Target bytecode optimization level: 0
5029 INFO: Initializing module dependency graph...
5030 INFO: Initializing module graph hook caches...
5060 INFO: Analyzing modules for base_library.zip ...
6717 INFO: Processing standard module hook 'hook-heapq.py' from 'C:\\Program 
Files\\Python311\\Lib\\site-packages\\PyInstaller\\hooks'
6820 INFO: Processing standard module hook 'hook-encodings.py' from 'C:\\Program 
Files\\Python311\\Lib\\site-packages\\PyInstaller\\hooks'
9198 INFO: Processing standard module hook 'hook-pickle.py' from 'C:\\Program 
Files\\Python311\\Lib\\site-packages\\PyInstaller\\hooks'
11408 INFO: Caching module dependency graph...
11476 INFO: Analyzing C:\Users\aliba\Downloads\Apollova\Apollova\Apollova-Installer\setup.py
11986 INFO: Processing standard module hook 'hook-PyQt6.py' from 'C:\\Program 
Files\\Python311\\Lib\\site-packages\\PyInstaller\\hooks'
12971 INFO: Processing standard module hook 'hook-PyQt6.QtWidgets.py' from 'C:\\Program 
Files\\Python311\\Lib\\site-packages\\PyInstaller\\hooks'
18840 INFO: Processing standard module hook 'hook-PyQt6.QtCore.py' from 'C:\\Program 
Files\\Python311\\Lib\\site-packages\\PyInstaller\\hooks'
26999 INFO: Processing standard module hook 'hook-PyQt6.QtGui.py' from 'C:\\Program 
Files\\Python311\\Lib\\site-packages\\PyInstaller\\hooks'
59246 INFO: Analyzing hidden import 'PyQt6.QAxContainer'
59255 INFO: Processing standard module hook 'hook-PyQt6.QAxContainer.py' from 'C:\\Program 
Files\\Python311\\Lib\\site-packages\\PyInstaller\\hooks'
59653 INFO: Analyzing hidden import 'PyQt6.QtBluetooth'
59715 INFO: Processing standard module hook 'hook-PyQt6.QtBluetooth.py' from 'C:\\Program 
Files\\Python311\\Lib\\site-packages\\PyInstaller\\hooks'
60028 INFO: Analyzing hidden import 'PyQt6.QtDBus'
60058 INFO: Processing standard module hook 'hook-PyQt6.QtDBus.py' from 'C:\\Program 
Files\\Python311\\Lib\\site-packages\\PyInstaller\\hooks'
60481 INFO: Analyzing hidden import 'PyQt6.QtDesigner'
60511 INFO: Processing standard module hook 'hook-PyQt6.QtDesigner.py' from 'C:\\Program 
Files\\Python311\\Lib\\site-packages\\PyInstaller\\hooks'
61236 WARNING: QtLibraryInfo(PyQt6): could not find translations with base name 'designer'! These translations will 
not be collected.
61238 INFO: Analyzing hidden import 'PyQt6.QtHelp'
61255 INFO: Processing standard module hook 'hook-PyQt6.QtHelp.py' from 'C:\\Program 
Files\\Python311\\Lib\\site-packages\\PyInstaller\\hooks'
61776 INFO: Analyzing hidden import 'PyQt6.QtMultimedia'
61857 INFO: Processing standard module hook 'hook-PyQt6.QtMultimedia.py' from 'C:\\Program 
Files\\Python311\\Lib\\site-packages\\PyInstaller\\hooks'
64500 INFO: Processing standard module hook 'hook-PyQt6.QtNetwork.py' from 'C:\\Program 
Files\\Python311\\Lib\\site-packages\\PyInstaller\\hooks'
68140 INFO: Analyzing hidden import 'PyQt6.QtMultimediaWidgets'
68144 INFO: Processing standard module hook 'hook-PyQt6.QtMultimediaWidgets.py' from 'C:\\Program 
Files\\Python311\\Lib\\site-packages\\PyInstaller\\hooks'
68583 INFO: Analyzing hidden import 'PyQt6.QtNfc'
68612 INFO: Processing standard module hook 'hook-PyQt6.QtNfc.py' from 'C:\\Program 
Files\\Python311\\Lib\\site-packages\\PyInstaller\\hooks'
69177 INFO: Analyzing hidden import 'PyQt6.QtOpenGL'
69442 INFO: Processing standard module hook 'hook-PyQt6.QtOpenGL.py' from 'C:\\Program 
Files\\Python311\\Lib\\site-packages\\PyInstaller\\hooks'
70540 INFO: Analyzing hidden import 'PyQt6.QtOpenGLWidgets'
70546 INFO: Processing standard module hook 'hook-PyQt6.QtOpenGLWidgets.py' from 'C:\\Program 
Files\\Python311\\Lib\\site-packages\\PyInstaller\\hooks'
70964 INFO: Analyzing hidden import 'PyQt6.QtPdf'
70976 INFO: Processing standard module hook 'hook-PyQt6.QtPdf.py' from 'C:\\Program 
Files\\Python311\\Lib\\site-packages\\PyInstaller\\hooks'
71614 INFO: Analyzing hidden import 'PyQt6.QtPdfWidgets'
71620 INFO: Processing standard module hook 'hook-PyQt6.QtPdfWidgets.py' from 'C:\\Program 
Files\\Python311\\Lib\\site-packages\\PyInstaller\\hooks'
72030 INFO: Analyzing hidden import 'PyQt6.QtPositioning'
72068 INFO: Processing standard module hook 'hook-PyQt6.QtPositioning.py' from 'C:\\Program 
Files\\Python311\\Lib\\site-packages\\PyInstaller\\hooks'
73324 INFO: Analyzing hidden import 'PyQt6.QtPrintSupport'
73343 INFO: Processing standard module hook 'hook-PyQt6.QtPrintSupport.py' from 'C:\\Program 
Files\\Python311\\Lib\\site-packages\\PyInstaller\\hooks'
73903 INFO: Analyzing hidden import 'PyQt6.QtQml'
73967 INFO: Processing standard module hook 'hook-PyQt6.QtQml.py' from 'C:\\Program 
Files\\Python311\\Lib\\site-packages\\PyInstaller\\hooks'
86601 INFO: Analyzing hidden import 'PyQt6.QtQuick'
86699 INFO: Processing standard module hook 'hook-PyQt6.QtQuick.py' from 'C:\\Program 
Files\\Python311\\Lib\\site-packages\\PyInstaller\\hooks'
87789 INFO: Analyzing hidden import 'PyQt6.QtQuick3D'
87803 INFO: Processing standard module hook 'hook-PyQt6.QtQuick3D.py' from 'C:\\Program 
Files\\Python311\\Lib\\site-packages\\PyInstaller\\hooks'
88849 INFO: Analyzing hidden import 'PyQt6.QtQuickWidgets'
88857 INFO: Processing standard module hook 'hook-PyQt6.QtQuickWidgets.py' from 'C:\\Program 
Files\\Python311\\Lib\\site-packages\\PyInstaller\\hooks'
89355 INFO: Analyzing hidden import 'PyQt6.QtRemoteObjects'
89367 INFO: Processing standard module hook 'hook-PyQt6.QtRemoteObjects.py' from 'C:\\Program 
Files\\Python311\\Lib\\site-packages\\PyInstaller\\hooks'
89818 INFO: Analyzing hidden import 'PyQt6.QtSensors'
89851 INFO: Processing standard module hook 'hook-PyQt6.QtSensors.py' from 'C:\\Program 
Files\\Python311\\Lib\\site-packages\\PyInstaller\\hooks'
90641 INFO: Analyzing hidden import 'PyQt6.QtSerialPort'
90650 INFO: Processing standard module hook 'hook-PyQt6.QtSerialPort.py' from 'C:\\Program 
Files\\Python311\\Lib\\site-packages\\PyInstaller\\hooks'
91244 INFO: Analyzing hidden import 'PyQt6.QtSpatialAudio'
91262 INFO: Processing standard module hook 'hook-PyQt6.QtSpatialAudio.py' from 'C:\\Program 
Files\\Python311\\Lib\\site-packages\\PyInstaller\\hooks'
91724 INFO: Analyzing hidden import 'PyQt6.QtSql'
91766 INFO: Processing standard module hook 'hook-PyQt6.QtSql.py' from 'C:\\Program 
Files\\Python311\\Lib\\site-packages\\PyInstaller\\hooks'
92894 INFO: Analyzing hidden import 'PyQt6.QtSvg'
92900 INFO: Processing standard module hook 'hook-PyQt6.QtSvg.py' from 'C:\\Program 
Files\\Python311\\Lib\\site-packages\\PyInstaller\\hooks'
93277 INFO: Analyzing hidden import 'PyQt6.QtSvgWidgets'
93281 INFO: Processing standard module hook 'hook-PyQt6.QtSvgWidgets.py' from 'C:\\Program 
Files\\Python311\\Lib\\site-packages\\PyInstaller\\hooks'
93772 INFO: Analyzing hidden import 'PyQt6.QtTest'
93789 INFO: Processing standard module hook 'hook-PyQt6.QtTest.py' from 'C:\\Program 
Files\\Python311\\Lib\\site-packages\\PyInstaller\\hooks'
94429 INFO: Analyzing hidden import 'PyQt6.QtTextToSpeech'
94437 INFO: Processing standard module hook 'hook-PyQt6.QtTextToSpeech.py' from 'C:\\Program 
Files\\Python311\\Lib\\site-packages\\PyInstaller\\hooks'
95526 INFO: Analyzing hidden import 'PyQt6.QtWebChannel'
95528 INFO: Processing standard module hook 'hook-PyQt6.QtWebChannel.py' from 'C:\\Program 
Files\\Python311\\Lib\\site-packages\\PyInstaller\\hooks'
96055 INFO: Analyzing hidden import 'PyQt6.QtWebSockets'
96075 INFO: Processing standard module hook 'hook-PyQt6.QtWebSockets.py' from 'C:\\Program 
Files\\Python311\\Lib\\site-packages\\PyInstaller\\hooks'
96590 INFO: Analyzing hidden import 'PyQt6.QtXml'
96619 INFO: Processing standard module hook 'hook-PyQt6.QtXml.py' from 'C:\\Program 
Files\\Python311\\Lib\\site-packages\\PyInstaller\\hooks'
97068 INFO: Analyzing hidden import 'PyQt6.lupdate'
97077 INFO: Processing standard module hook 'hook-PyQt6.uic.py' from 'C:\\Program 
Files\\Python311\\Lib\\site-packages\\PyInstaller\\hooks'
97443 INFO: Processing standard module hook 'hook-xml.py' from 'C:\\Program 
Files\\Python311\\Lib\\site-packages\\PyInstaller\\hooks'
97479 INFO: Processing standard module hook 'hook-xml.etree.cElementTree.py' from 'C:\\Program 
Files\\Python311\\Lib\\site-packages\\PyInstaller\\hooks'
97658 INFO: Processing standard module hook 'hook-multiprocessing.util.py' from 'C:\\Program 
Files\\Python311\\Lib\\site-packages\\PyInstaller\\hooks'
98074 INFO: Processing standard module hook 'hook-_ctypes.py' from 'C:\\Program 
Files\\Python311\\Lib\\site-packages\\PyInstaller\\hooks'
98145 INFO: Analyzing hidden import 'PyQt6.lupdate.pylupdate'
98148 INFO: Analyzing hidden import 'PyQt6.uic.pyuic'
98154 INFO: Processing module hooks (post-graph stage)...
98262 INFO: Performing binary vs. data reclassification (2481 entries)
99171 INFO: Looking for ctypes DLLs
99197 INFO: Analyzing run-time hooks ...
99198 INFO: Including run-time hook 'pyi_rth_inspect.py' from 'C:\\Program 
Files\\Python311\\Lib\\site-packages\\PyInstaller\\hooks\\rthooks'
99201 INFO: Including run-time hook 'pyi_rth_pkgutil.py' from 'C:\\Program 
Files\\Python311\\Lib\\site-packages\\PyInstaller\\hooks\\rthooks'
99206 INFO: Including run-time hook 'pyi_rth_multiprocessing.py' from 'C:\\Program 
Files\\Python311\\Lib\\site-packages\\PyInstaller\\hooks\\rthooks'
99211 INFO: Including run-time hook 'pyi_rth_pyqt6.py' from 'C:\\Program 
Files\\Python311\\Lib\\site-packages\\PyInstaller\\hooks\\rthooks'
99214 INFO: Processing pre-find-module-path hook 'hook-_pyi_rth_utils.py' from 'C:\\Program 
Files\\Python311\\Lib\\site-packages\\PyInstaller\\hooks\\pre_find_module_path'
99217 INFO: Processing standard module hook 'hook-_pyi_rth_utils.py' from 'C:\\Program 
Files\\Python311\\Lib\\site-packages\\PyInstaller\\hooks'
99332 INFO: Creating base_library.zip...
99363 INFO: Looking for dynamic libraries
99652 INFO: Extra DLL search directories (AddDllDirectory): 
['C:\\Users\\aliba\\AppData\\Roaming\\Python\\Python311\\site-packages\\PyQt6\\Qt6\\bin']
99652 INFO: Extra DLL search directories (PATH): 
['C:\\Users\\aliba\\AppData\\Roaming\\Python\\Python311\\site-packages\\PyQt6\\Qt6\\bin']
106032 WARNING: Library not found: could not resolve 'Qt63DCore.dll', dependency of 'C:\\Users\\aliba\\AppData\\Roaming
\\Python\\Python311\\site-packages\\PyQt6\\Qt6\\plugins\\geometryloaders\\defaultgeometryloader.dll'.
106033 WARNING: Library not found: could not resolve 'Qt63DRender.dll', dependency of 'C:\\Users\\aliba\\AppData\\Roami
ng\\Python\\Python311\\site-packages\\PyQt6\\Qt6\\plugins\\geometryloaders\\defaultgeometryloader.dll'.
106033 WARNING: Library not found: could not resolve 'Qt63DRender.dll', dependency of 'C:\\Users\\aliba\\AppData\\Roami
ng\\Python\\Python311\\site-packages\\PyQt6\\Qt6\\plugins\\geometryloaders\\gltfgeometryloader.dll'.
106034 WARNING: Library not found: could not resolve 'Qt63DCore.dll', dependency of 'C:\\Users\\aliba\\AppData\\Roaming
\\Python\\Python311\\site-packages\\PyQt6\\Qt6\\plugins\\geometryloaders\\gltfgeometryloader.dll'.
106034 WARNING: Library not found: could not resolve 'avutil-59.dll', dependency of 'C:\\Users\\aliba\\AppData\\Roaming
\\Python\\Python311\\site-packages\\PyQt6\\Qt6\\plugins\\multimedia\\ffmpegmediaplugin.dll'.
106035 WARNING: Library not found: could not resolve 'swresample-5.dll', dependency of 'C:\\Users\\aliba\\AppData\\Roam
ing\\Python\\Python311\\site-packages\\PyQt6\\Qt6\\plugins\\multimedia\\ffmpegmediaplugin.dll'.
106037 WARNING: Library not found: could not resolve 'swscale-8.dll', dependency of 'C:\\Users\\aliba\\AppData\\Roaming
\\Python\\Python311\\site-packages\\PyQt6\\Qt6\\plugins\\multimedia\\ffmpegmediaplugin.dll'.
106037 WARNING: Library not found: could not resolve 'avcodec-61.dll', dependency of 'C:\\Users\\aliba\\AppData\\Roamin
g\\Python\\Python311\\site-packages\\PyQt6\\Qt6\\plugins\\multimedia\\ffmpegmediaplugin.dll'.
106039 WARNING: Library not found: could not resolve 'avformat-61.dll', dependency of 'C:\\Users\\aliba\\AppData\\Roami
ng\\Python\\Python311\\site-packages\\PyQt6\\Qt6\\plugins\\multimedia\\ffmpegmediaplugin.dll'.
106041 WARNING: Library not found: could not resolve 'Qt6QmlCompiler.dll', dependency of 'C:\\Users\\aliba\\AppData\\Ro
aming\\Python\\Python311\\site-packages\\PyQt6\\Qt6\\plugins\\qmllint\\quicklintplugin.dll'.
106042 WARNING: Library not found: could not resolve 'Qt63DCore.dll', dependency of 'C:\\Users\\aliba\\AppData\\Roaming
\\Python\\Python311\\site-packages\\PyQt6\\Qt6\\plugins\\renderers\\openglrenderer.dll'.
106042 WARNING: Library not found: could not resolve 'Qt63DRender.dll', dependency of 'C:\\Users\\aliba\\AppData\\Roami
ng\\Python\\Python311\\site-packages\\PyQt6\\Qt6\\plugins\\renderers\\openglrenderer.dll'.
106043 WARNING: Library not found: could not resolve 'Qt63DCore.dll', dependency of 'C:\\Users\\aliba\\AppData\\Roaming
\\Python\\Python311\\site-packages\\PyQt6\\Qt6\\plugins\\renderers\\rhirenderer.dll'.
106043 WARNING: Library not found: could not resolve 'Qt63DRender.dll', dependency of 'C:\\Users\\aliba\\AppData\\Roami
ng\\Python\\Python311\\site-packages\\PyQt6\\Qt6\\plugins\\renderers\\rhirenderer.dll'.
106044 WARNING: Library not found: could not resolve 'Qt63DCore.dll', dependency of 'C:\\Users\\aliba\\AppData\\Roaming
\\Python\\Python311\\site-packages\\PyQt6\\Qt6\\plugins\\sceneparsers\\assimpsceneimport.dll'.
106045 WARNING: Library not found: could not resolve 'Qt63DRender.dll', dependency of 'C:\\Users\\aliba\\AppData\\Roami
ng\\Python\\Python311\\site-packages\\PyQt6\\Qt6\\plugins\\sceneparsers\\assimpsceneimport.dll'.
106045 WARNING: Library not found: could not resolve 'Qt63DAnimation.dll', dependency of 'C:\\Users\\aliba\\AppData\\Ro
aming\\Python\\Python311\\site-packages\\PyQt6\\Qt6\\plugins\\sceneparsers\\assimpsceneimport.dll'.
106045 WARNING: Library not found: could not resolve 'Qt63DExtras.dll', dependency of 'C:\\Users\\aliba\\AppData\\Roami
ng\\Python\\Python311\\site-packages\\PyQt6\\Qt6\\plugins\\sceneparsers\\assimpsceneimport.dll'.
106046 WARNING: Library not found: could not resolve 'Qt63DRender.dll', dependency of 'C:\\Users\\aliba\\AppData\\Roami
ng\\Python\\Python311\\site-packages\\PyQt6\\Qt6\\plugins\\sceneparsers\\gltfsceneexport.dll'.
106046 WARNING: Library not found: could not resolve 'Qt63DCore.dll', dependency of 'C:\\Users\\aliba\\AppData\\Roaming
\\Python\\Python311\\site-packages\\PyQt6\\Qt6\\plugins\\sceneparsers\\gltfsceneexport.dll'.
106047 WARNING: Library not found: could not resolve 'Qt63DExtras.dll', dependency of 'C:\\Users\\aliba\\AppData\\Roami
ng\\Python\\Python311\\site-packages\\PyQt6\\Qt6\\plugins\\sceneparsers\\gltfsceneexport.dll'.
106047 WARNING: Library not found: could not resolve 'Qt63DRender.dll', dependency of 'C:\\Users\\aliba\\AppData\\Roami
ng\\Python\\Python311\\site-packages\\PyQt6\\Qt6\\plugins\\sceneparsers\\gltfsceneimport.dll'.
106047 WARNING: Library not found: could not resolve 'Qt63DCore.dll', dependency of 'C:\\Users\\aliba\\AppData\\Roaming
\\Python\\Python311\\site-packages\\PyQt6\\Qt6\\plugins\\sceneparsers\\gltfsceneimport.dll'.
106047 WARNING: Library not found: could not resolve 'Qt63DExtras.dll', dependency of 'C:\\Users\\aliba\\AppData\\Roami
ng\\Python\\Python311\\site-packages\\PyQt6\\Qt6\\plugins\\sceneparsers\\gltfsceneimport.dll'.
106049 WARNING: Library not found: could not resolve 'MIMAPI64.dll', dependency of 
'C:\\Users\\aliba\\AppData\\Roaming\\Python\\Python311\\site-packages\\PyQt6\\Qt6\\plugins\\sqldrivers\\qsqlmimer.dll'.
106050 WARNING: Library not found: could not resolve 'LIBPQ.dll', dependency of 
'C:\\Users\\aliba\\AppData\\Roaming\\Python\\Python311\\site-packages\\PyQt6\\Qt6\\plugins\\sqldrivers\\qsqlpsql.dll'.
106051 WARNING: Library not found: could not resolve 'Qt6WebViewQuick.dll', dependency of 'C:\\Users\\aliba\\AppData\\R
oaming\\Python\\Python311\\site-packages\\PyQt6\\Qt6\\plugins\\webview\\qtwebview_webengine.dll'.
106052 WARNING: Library not found: could not resolve 'Qt6WebEngineCore.dll', dependency of 'C:\\Users\\aliba\\AppData\\
Roaming\\Python\\Python311\\site-packages\\PyQt6\\Qt6\\plugins\\webview\\qtwebview_webengine.dll'.
106052 WARNING: Library not found: could not resolve 'Qt6WebEngineQuick.dll', dependency of 'C:\\Users\\aliba\\AppData\
\Roaming\\Python\\Python311\\site-packages\\PyQt6\\Qt6\\plugins\\webview\\qtwebview_webengine.dll'.
106053 WARNING: Library not found: could not resolve 'Qt6WebView.dll', dependency of 'C:\\Users\\aliba\\AppData\\Roamin
g\\Python\\Python311\\site-packages\\PyQt6\\Qt6\\plugins\\webview\\qtwebview_webengine.dll'.
106053 WARNING: Library not found: could not resolve 'Qt6QmlXmlListModel.dll', dependency of 'C:\\Users\\aliba\\AppData
\\Roaming\\Python\\Python311\\site-packages\\PyQt6\\Qt6\\qml\\QtQml\\XmlListModel\\qmlxmllistmodelplugin.dll'.
106053 WARNING: Library not found: could not resolve 'Qt6Quick3DParticleEffects.dll', dependency of 'C:\\Users\\aliba\\
AppData\\Roaming\\Python\\Python311\\site-packages\\PyQt6\\Qt6\\qml\\QtQuick3D\\ParticleEffects\\qtquick3dparticleeffec
tsplugin.dll'.
106053 WARNING: Library not found: could not resolve 'Qt6QuickControls2WindowsStyleImpl.dll', dependency of 'C:\\Users\
\aliba\\AppData\\Roaming\\Python\\Python311\\site-packages\\PyQt6\\Qt6\\qml\\QtQuick\\Controls\\Windows\\impl\\qtquickc
ontrols2windowsstyleimplplugin.dll'.
106054 WARNING: Library not found: could not resolve 'Qt6QuickEffects.dll', dependency of 'C:\\Users\\aliba\\AppData\\R
oaming\\Python\\Python311\\site-packages\\PyQt6\\Qt6\\qml\\QtQuick\\Effects\\effectsplugin.dll'.
106054 WARNING: Library not found: could not resolve 'Qt6QmlLocalStorage.dll', dependency of 'C:\\Users\\aliba\\AppData
\\Roaming\\Python\\Python311\\site-packages\\PyQt6\\Qt6\\qml\\QtQuick\\LocalStorage\\qmllocalstorageplugin.dll'.
106055 WARNING: Library not found: could not resolve 'Qt63DQuickScene2D.dll', dependency of 'C:\\Users\\aliba\\AppData\
\Roaming\\Python\\Python311\\site-packages\\PyQt6\\Qt6\\qml\\QtQuick\\Scene2D\\qtquickscene2dplugin.dll'.
106055 WARNING: Library not found: could not resolve 'Qt63DCore.dll', dependency of 'C:\\Users\\aliba\\AppData\\Roaming
\\Python\\Python311\\site-packages\\PyQt6\\Qt6\\qml\\QtQuick\\Scene2D\\qtquickscene2dplugin.dll'.
106056 WARNING: Library not found: could not resolve 'Qt63DRender.dll', dependency of 'C:\\Users\\aliba\\AppData\\Roami
ng\\Python\\Python311\\site-packages\\PyQt6\\Qt6\\qml\\QtQuick\\Scene2D\\qtquickscene2dplugin.dll'.
106056 WARNING: Library not found: could not resolve 'Qt63DInput.dll', dependency of 'C:\\Users\\aliba\\AppData\\Roamin
g\\Python\\Python311\\site-packages\\PyQt6\\Qt6\\qml\\QtQuick\\Scene3D\\qtquickscene3dplugin.dll'.
106056 WARNING: Library not found: could not resolve 'Qt63DCore.dll', dependency of 'C:\\Users\\aliba\\AppData\\Roaming
\\Python\\Python311\\site-packages\\PyQt6\\Qt6\\qml\\QtQuick\\Scene3D\\qtquickscene3dplugin.dll'.
106057 WARNING: Library not found: could not resolve 'Qt63DRender.dll', dependency of 'C:\\Users\\aliba\\AppData\\Roami
ng\\Python\\Python311\\site-packages\\PyQt6\\Qt6\\qml\\QtQuick\\Scene3D\\qtquickscene3dplugin.dll'.
106057 WARNING: Library not found: could not resolve 'Qt63DLogic.dll', dependency of 'C:\\Users\\aliba\\AppData\\Roamin
g\\Python\\Python311\\site-packages\\PyQt6\\Qt6\\qml\\QtQuick\\Scene3D\\qtquickscene3dplugin.dll'.
106057 WARNING: Library not found: could not resolve 'Qt63DAnimation.dll', dependency of 'C:\\Users\\aliba\\AppData\\Ro
aming\\Python\\Python311\\site-packages\\PyQt6\\Qt6\\qml\\QtQuick\\Scene3D\\qtquickscene3dplugin.dll'.
106297 INFO: Warnings written to 
C:\Users\aliba\Downloads\Apollova\Apollova\Apollova-Installer\build_temp\Setup\warn-Setup.txt
106339 INFO: Graph cross-reference written to 
C:\Users\aliba\Downloads\Apollova\Apollova\Apollova-Installer\build_temp\Setup\xref-Setup.html
106490 INFO: checking PYZ
106490 INFO: Building PYZ because PYZ-00.toc is non existent
106490 INFO: Building PYZ (ZlibArchive) 
C:\Users\aliba\Downloads\Apollova\Apollova\Apollova-Installer\build_temp\Setup\PYZ-00.pyz
106780 INFO: Building PYZ (ZlibArchive) 
C:\Users\aliba\Downloads\Apollova\Apollova\Apollova-Installer\build_temp\Setup\PYZ-00.pyz completed successfully.
106836 INFO: checking PKG
106836 INFO: Building PKG because PKG-00.toc is non existent
106836 INFO: Building PKG (CArchive) Setup.pkg
135335 INFO: Building PKG (CArchive) Setup.pkg completed successfully.
135414 INFO: Bootloader C:\Program 
Files\Python311\Lib\site-packages\PyInstaller\bootloader\Windows-64bit-intel\runw.exe
135414 INFO: checking EXE
135414 INFO: Building EXE because EXE-00.toc is non existent
135414 INFO: Building EXE from EXE-00.toc
135414 INFO: Copying bootloader EXE to C:\Users\aliba\Downloads\Apollova\Apollova\Apollova-Installer\Setup.exe
135425 INFO: Copying icon to EXE
135433 INFO: Copying version information to EXE
135522 INFO: Copying 0 resources to EXE
135522 INFO: Embedding manifest in EXE
135595 INFO: Appending PKG archive to EXE
135718 INFO: Fixing EXE headers
140825 INFO: Building EXE from EXE-00.toc completed successfully.
140904 INFO: Build complete! The results are available in: 
C:\Users\aliba\Downloads\Apollova\Apollova\Apollova-Installer
Setup.exe done.

[Building Apollova.exe from C:\Users\aliba\Downloads\Apollova\Apollova\Apollova-Installer\apollova_launcher.py]
260 INFO: PyInstaller: 6.19.0, contrib hooks: 2026.1
260 INFO: Python: 3.11.9
275 INFO: Platform: Windows-10-10.0.26200-SP0
275 INFO: Python environment: C:\Program Files\Python311
276 INFO: wrote C:\Users\aliba\Downloads\Apollova\Apollova\Apollova-Installer\build_temp\Apollova.spec
281 INFO: Removing temporary files and cleaning cache in C:\Users\aliba\AppData\Local\pyinstaller
3073 INFO: Module search paths (PYTHONPATH):
['C:\\Users\\aliba\\Downloads\\Apollova\\Apollova\\Apollova-Installer',
 'C:\\Program Files\\Python311\\python311.zip',
 'C:\\Program Files\\Python311\\DLLs',
 'C:\\Program Files\\Python311\\Lib',
 'C:\\Program Files\\Python311',
 'C:\\Users\\aliba\\AppData\\Roaming\\Python\\Python311\\site-packages',
 'C:\\Program Files\\Python311\\Lib\\site-packages',
 'C:\\Program Files\\Python311\\Lib\\site-packages\\win32',
 'C:\\Program Files\\Python311\\Lib\\site-packages\\win32\\lib',
 'C:\\Program Files\\Python311\\Lib\\site-packages\\Pythonwin',
 'C:\\Users\\aliba\\Downloads\\Apollova\\Apollova\\Apollova-Installer']
4285 INFO: Appending 'binaries' from .spec
4310 INFO: Appending 'datas' from .spec
4660 INFO: checking Analysis
4661 INFO: Building Analysis because Analysis-00.toc is non existent
4661 INFO: Looking for Python shared library...
4661 INFO: Using Python shared library: C:\Program Files\Python311\python311.dll
4661 INFO: Running Analysis Analysis-00.toc
4661 INFO: Target bytecode optimization level: 0
4661 INFO: Initializing module dependency graph...
4665 INFO: Initializing module graph hook caches...
4689 INFO: Analyzing modules for base_library.zip ...
6034 INFO: Processing standard module hook 'hook-heapq.py' from 'C:\\Program 
Files\\Python311\\Lib\\site-packages\\PyInstaller\\hooks'
6148 INFO: Processing standard module hook 'hook-encodings.py' from 'C:\\Program 
Files\\Python311\\Lib\\site-packages\\PyInstaller\\hooks'
8526 INFO: Processing standard module hook 'hook-pickle.py' from 'C:\\Program 
Files\\Python311\\Lib\\site-packages\\PyInstaller\\hooks'
10766 INFO: Caching module dependency graph...
10818 INFO: Analyzing C:\Users\aliba\Downloads\Apollova\Apollova\Apollova-Installer\apollova_launcher.py
10879 INFO: Processing standard module hook 'hook-PyQt6.py' from 'C:\\Program 
Files\\Python311\\Lib\\site-packages\\PyInstaller\\hooks'
11789 INFO: Processing standard module hook 'hook-PyQt6.QtWidgets.py' from 'C:\\Program 
Files\\Python311\\Lib\\site-packages\\PyInstaller\\hooks'
16811 INFO: Processing standard module hook 'hook-PyQt6.QtCore.py' from 'C:\\Program 
Files\\Python311\\Lib\\site-packages\\PyInstaller\\hooks'
24284 INFO: Processing standard module hook 'hook-PyQt6.QtGui.py' from 'C:\\Program 
Files\\Python311\\Lib\\site-packages\\PyInstaller\\hooks'
55550 INFO: Analyzing hidden import 'PyQt6.QAxContainer'
55558 INFO: Processing standard module hook 'hook-PyQt6.QAxContainer.py' from 'C:\\Program 
Files\\Python311\\Lib\\site-packages\\PyInstaller\\hooks'
55911 INFO: Analyzing hidden import 'PyQt6.QtBluetooth'
55968 INFO: Processing standard module hook 'hook-PyQt6.QtBluetooth.py' from 'C:\\Program 
Files\\Python311\\Lib\\site-packages\\PyInstaller\\hooks'
56246 INFO: Analyzing hidden import 'PyQt6.QtDBus'
56272 INFO: Processing standard module hook 'hook-PyQt6.QtDBus.py' from 'C:\\Program 
Files\\Python311\\Lib\\site-packages\\PyInstaller\\hooks'
56748 INFO: Analyzing hidden import 'PyQt6.QtDesigner'
56775 INFO: Processing standard module hook 'hook-PyQt6.QtDesigner.py' from 'C:\\Program 
Files\\Python311\\Lib\\site-packages\\PyInstaller\\hooks'
57399 WARNING: QtLibraryInfo(PyQt6): could not find translations with base name 'designer'! These translations will 
not be collected.
57400 INFO: Analyzing hidden import 'PyQt6.QtHelp'
57420 INFO: Processing standard module hook 'hook-PyQt6.QtHelp.py' from 'C:\\Program 
Files\\Python311\\Lib\\site-packages\\PyInstaller\\hooks'
57932 INFO: Analyzing hidden import 'PyQt6.QtMultimedia'
58006 INFO: Processing standard module hook 'hook-PyQt6.QtMultimedia.py' from 'C:\\Program 
Files\\Python311\\Lib\\site-packages\\PyInstaller\\hooks'
60153 INFO: Processing standard module hook 'hook-PyQt6.QtNetwork.py' from 'C:\\Program 
Files\\Python311\\Lib\\site-packages\\PyInstaller\\hooks'
63374 INFO: Analyzing hidden import 'PyQt6.QtMultimediaWidgets'
63381 INFO: Processing standard module hook 'hook-PyQt6.QtMultimediaWidgets.py' from 'C:\\Program 
Files\\Python311\\Lib\\site-packages\\PyInstaller\\hooks'
63857 INFO: Analyzing hidden import 'PyQt6.QtNfc'
63876 INFO: Processing standard module hook 'hook-PyQt6.QtNfc.py' from 'C:\\Program 
Files\\Python311\\Lib\\site-packages\\PyInstaller\\hooks'
64321 INFO: Analyzing hidden import 'PyQt6.QtOpenGL'
64599 INFO: Processing standard module hook 'hook-PyQt6.QtOpenGL.py' from 'C:\\Program 
Files\\Python311\\Lib\\site-packages\\PyInstaller\\hooks'
65710 INFO: Analyzing hidden import 'PyQt6.QtOpenGLWidgets'
65718 INFO: Processing standard module hook 'hook-PyQt6.QtOpenGLWidgets.py' from 'C:\\Program 
Files\\Python311\\Lib\\site-packages\\PyInstaller\\hooks'
66195 INFO: Analyzing hidden import 'PyQt6.QtPdf'
66208 INFO: Processing standard module hook 'hook-PyQt6.QtPdf.py' from 'C:\\Program 
Files\\Python311\\Lib\\site-packages\\PyInstaller\\hooks'
66860 INFO: Analyzing hidden import 'PyQt6.QtPdfWidgets'
66865 INFO: Processing standard module hook 'hook-PyQt6.QtPdfWidgets.py' from 'C:\\Program 
Files\\Python311\\Lib\\site-packages\\PyInstaller\\hooks'
67303 INFO: Analyzing hidden import 'PyQt6.QtPositioning'
67343 INFO: Processing standard module hook 'hook-PyQt6.QtPositioning.py' from 'C:\\Program 
Files\\Python311\\Lib\\site-packages\\PyInstaller\\hooks'
68614 INFO: Analyzing hidden import 'PyQt6.QtPrintSupport'
68635 INFO: Processing standard module hook 'hook-PyQt6.QtPrintSupport.py' from 'C:\\Program 
Files\\Python311\\Lib\\site-packages\\PyInstaller\\hooks'
69216 INFO: Analyzing hidden import 'PyQt6.QtQml'
69290 INFO: Processing standard module hook 'hook-PyQt6.QtQml.py' from 'C:\\Program 
Files\\Python311\\Lib\\site-packages\\PyInstaller\\hooks'
81560 INFO: Analyzing hidden import 'PyQt6.QtQuick'
81656 INFO: Processing standard module hook 'hook-PyQt6.QtQuick.py' from 'C:\\Program 
Files\\Python311\\Lib\\site-packages\\PyInstaller\\hooks'
82557 INFO: Analyzing hidden import 'PyQt6.QtQuick3D'
82566 INFO: Processing standard module hook 'hook-PyQt6.QtQuick3D.py' from 'C:\\Program 
Files\\Python311\\Lib\\site-packages\\PyInstaller\\hooks'
83099 INFO: Analyzing hidden import 'PyQt6.QtQuickWidgets'
83105 INFO: Processing standard module hook 'hook-PyQt6.QtQuickWidgets.py' from 'C:\\Program 
Files\\Python311\\Lib\\site-packages\\PyInstaller\\hooks'
83557 INFO: Analyzing hidden import 'PyQt6.QtRemoteObjects'
83568 INFO: Processing standard module hook 'hook-PyQt6.QtRemoteObjects.py' from 'C:\\Program 
Files\\Python311\\Lib\\site-packages\\PyInstaller\\hooks'
84069 INFO: Analyzing hidden import 'PyQt6.QtSensors'
84107 INFO: Processing standard module hook 'hook-PyQt6.QtSensors.py' from 'C:\\Program 
Files\\Python311\\Lib\\site-packages\\PyInstaller\\hooks'
84906 INFO: Analyzing hidden import 'PyQt6.QtSerialPort'
84918 INFO: Processing standard module hook 'hook-PyQt6.QtSerialPort.py' from 'C:\\Program 
Files\\Python311\\Lib\\site-packages\\PyInstaller\\hooks'
85394 INFO: Analyzing hidden import 'PyQt6.QtSpatialAudio'
85405 INFO: Processing standard module hook 'hook-PyQt6.QtSpatialAudio.py' from 'C:\\Program 
Files\\Python311\\Lib\\site-packages\\PyInstaller\\hooks'
85947 INFO: Analyzing hidden import 'PyQt6.QtSql'
85988 INFO: Processing standard module hook 'hook-PyQt6.QtSql.py' from 'C:\\Program 
Files\\Python311\\Lib\\site-packages\\PyInstaller\\hooks'
87334 INFO: Analyzing hidden import 'PyQt6.QtSvg'
87343 INFO: Processing standard module hook 'hook-PyQt6.QtSvg.py' from 'C:\\Program 
Files\\Python311\\Lib\\site-packages\\PyInstaller\\hooks'
87758 INFO: Analyzing hidden import 'PyQt6.QtSvgWidgets'
87764 INFO: Processing standard module hook 'hook-PyQt6.QtSvgWidgets.py' from 'C:\\Program 
Files\\Python311\\Lib\\site-packages\\PyInstaller\\hooks'
88219 INFO: Analyzing hidden import 'PyQt6.QtTest'
88231 INFO: Processing standard module hook 'hook-PyQt6.QtTest.py' from 'C:\\Program 
Files\\Python311\\Lib\\site-packages\\PyInstaller\\hooks'
88967 INFO: Analyzing hidden import 'PyQt6.QtTextToSpeech'
88981 INFO: Processing standard module hook 'hook-PyQt6.QtTextToSpeech.py' from 'C:\\Program 
Files\\Python311\\Lib\\site-packages\\PyInstaller\\hooks'
90142 INFO: Analyzing hidden import 'PyQt6.QtWebChannel'
90145 INFO: Processing standard module hook 'hook-PyQt6.QtWebChannel.py' from 'C:\\Program 
Files\\Python311\\Lib\\site-packages\\PyInstaller\\hooks'
90546 INFO: Analyzing hidden import 'PyQt6.QtWebSockets'
90560 INFO: Processing standard module hook 'hook-PyQt6.QtWebSockets.py' from 'C:\\Program 
Files\\Python311\\Lib\\site-packages\\PyInstaller\\hooks'
91153 INFO: Analyzing hidden import 'PyQt6.QtXml'
91188 INFO: Processing standard module hook 'hook-PyQt6.QtXml.py' from 'C:\\Program 
Files\\Python311\\Lib\\site-packages\\PyInstaller\\hooks'
91991 INFO: Analyzing hidden import 'PyQt6.lupdate'
92001 INFO: Processing standard module hook 'hook-PyQt6.uic.py' from 'C:\\Program 
Files\\Python311\\Lib\\site-packages\\PyInstaller\\hooks'
92369 INFO: Processing standard module hook 'hook-xml.py' from 'C:\\Program 
Files\\Python311\\Lib\\site-packages\\PyInstaller\\hooks'
92399 INFO: Processing standard module hook 'hook-xml.etree.cElementTree.py' from 'C:\\Program 
Files\\Python311\\Lib\\site-packages\\PyInstaller\\hooks'
92561 INFO: Processing standard module hook 'hook-multiprocessing.util.py' from 'C:\\Program 
Files\\Python311\\Lib\\site-packages\\PyInstaller\\hooks'
93067 INFO: Processing standard module hook 'hook-_ctypes.py' from 'C:\\Program 
Files\\Python311\\Lib\\site-packages\\PyInstaller\\hooks'
93144 INFO: Analyzing hidden import 'PyQt6.lupdate.pylupdate'
93147 INFO: Analyzing hidden import 'PyQt6.uic.pyuic'
93152 INFO: Processing module hooks (post-graph stage)...
93549 INFO: Performing binary vs. data reclassification (2443 entries)
94274 INFO: Looking for ctypes DLLs
94290 INFO: Analyzing run-time hooks ...
94291 INFO: Including run-time hook 'pyi_rth_inspect.py' from 'C:\\Program 
Files\\Python311\\Lib\\site-packages\\PyInstaller\\hooks\\rthooks'
94295 INFO: Including run-time hook 'pyi_rth_pkgutil.py' from 'C:\\Program 
Files\\Python311\\Lib\\site-packages\\PyInstaller\\hooks\\rthooks'
94298 INFO: Including run-time hook 'pyi_rth_multiprocessing.py' from 'C:\\Program 
Files\\Python311\\Lib\\site-packages\\PyInstaller\\hooks\\rthooks'
94300 INFO: Including run-time hook 'pyi_rth_pyqt6.py' from 'C:\\Program 
Files\\Python311\\Lib\\site-packages\\PyInstaller\\hooks\\rthooks'
94302 INFO: Processing pre-find-module-path hook 'hook-_pyi_rth_utils.py' from 'C:\\Program 
Files\\Python311\\Lib\\site-packages\\PyInstaller\\hooks\\pre_find_module_path'
94304 INFO: Processing standard module hook 'hook-_pyi_rth_utils.py' from 'C:\\Program 
Files\\Python311\\Lib\\site-packages\\PyInstaller\\hooks'
94427 INFO: Creating base_library.zip...
94499 INFO: Looking for dynamic libraries
94896 INFO: Extra DLL search directories (AddDllDirectory): 
['C:\\Users\\aliba\\AppData\\Roaming\\Python\\Python311\\site-packages\\PyQt6\\Qt6\\bin']
94896 INFO: Extra DLL search directories (PATH): 
['C:\\Users\\aliba\\AppData\\Roaming\\Python\\Python311\\site-packages\\PyQt6\\Qt6\\bin']
101278 WARNING: Library not found: could not resolve 'Qt63DRender.dll', dependency of 'C:\\Users\\aliba\\AppData\\Roami
ng\\Python\\Python311\\site-packages\\PyQt6\\Qt6\\plugins\\geometryloaders\\defaultgeometryloader.dll'.
101279 WARNING: Library not found: could not resolve 'Qt63DCore.dll', dependency of 'C:\\Users\\aliba\\AppData\\Roaming
\\Python\\Python311\\site-packages\\PyQt6\\Qt6\\plugins\\geometryloaders\\defaultgeometryloader.dll'.
101279 WARNING: Library not found: could not resolve 'Qt63DCore.dll', dependency of 'C:\\Users\\aliba\\AppData\\Roaming
\\Python\\Python311\\site-packages\\PyQt6\\Qt6\\plugins\\geometryloaders\\gltfgeometryloader.dll'.
101280 WARNING: Library not found: could not resolve 'Qt63DRender.dll', dependency of 'C:\\Users\\aliba\\AppData\\Roami
ng\\Python\\Python311\\site-packages\\PyQt6\\Qt6\\plugins\\geometryloaders\\gltfgeometryloader.dll'.
101282 WARNING: Library not found: could not resolve 'avutil-59.dll', dependency of 'C:\\Users\\aliba\\AppData\\Roaming
\\Python\\Python311\\site-packages\\PyQt6\\Qt6\\plugins\\multimedia\\ffmpegmediaplugin.dll'.
101283 WARNING: Library not found: could not resolve 'avcodec-61.dll', dependency of 'C:\\Users\\aliba\\AppData\\Roamin
g\\Python\\Python311\\site-packages\\PyQt6\\Qt6\\plugins\\multimedia\\ffmpegmediaplugin.dll'.
101284 WARNING: Library not found: could not resolve 'swresample-5.dll', dependency of 'C:\\Users\\aliba\\AppData\\Roam
ing\\Python\\Python311\\site-packages\\PyQt6\\Qt6\\plugins\\multimedia\\ffmpegmediaplugin.dll'.
101286 WARNING: Library not found: could not resolve 'avformat-61.dll', dependency of 'C:\\Users\\aliba\\AppData\\Roami
ng\\Python\\Python311\\site-packages\\PyQt6\\Qt6\\plugins\\multimedia\\ffmpegmediaplugin.dll'.
101286 WARNING: Library not found: could not resolve 'swscale-8.dll', dependency of 'C:\\Users\\aliba\\AppData\\Roaming
\\Python\\Python311\\site-packages\\PyQt6\\Qt6\\plugins\\multimedia\\ffmpegmediaplugin.dll'.
101288 WARNING: Library not found: could not resolve 'Qt6QmlCompiler.dll', dependency of 'C:\\Users\\aliba\\AppData\\Ro
aming\\Python\\Python311\\site-packages\\PyQt6\\Qt6\\plugins\\qmllint\\quicklintplugin.dll'.
101290 WARNING: Library not found: could not resolve 'Qt63DCore.dll', dependency of 'C:\\Users\\aliba\\AppData\\Roaming
\\Python\\Python311\\site-packages\\PyQt6\\Qt6\\plugins\\renderers\\openglrenderer.dll'.
101290 WARNING: Library not found: could not resolve 'Qt63DRender.dll', dependency of 'C:\\Users\\aliba\\AppData\\Roami
ng\\Python\\Python311\\site-packages\\PyQt6\\Qt6\\plugins\\renderers\\openglrenderer.dll'.
101291 WARNING: Library not found: could not resolve 'Qt63DCore.dll', dependency of 'C:\\Users\\aliba\\AppData\\Roaming
\\Python\\Python311\\site-packages\\PyQt6\\Qt6\\plugins\\renderers\\rhirenderer.dll'.
101292 WARNING: Library not found: could not resolve 'Qt63DRender.dll', dependency of 'C:\\Users\\aliba\\AppData\\Roami
ng\\Python\\Python311\\site-packages\\PyQt6\\Qt6\\plugins\\renderers\\rhirenderer.dll'.
101293 WARNING: Library not found: could not resolve 'Qt63DAnimation.dll', dependency of 'C:\\Users\\aliba\\AppData\\Ro
aming\\Python\\Python311\\site-packages\\PyQt6\\Qt6\\plugins\\sceneparsers\\assimpsceneimport.dll'.
101293 WARNING: Library not found: could not resolve 'Qt63DCore.dll', dependency of 'C:\\Users\\aliba\\AppData\\Roaming
\\Python\\Python311\\site-packages\\PyQt6\\Qt6\\plugins\\sceneparsers\\assimpsceneimport.dll'.
101293 WARNING: Library not found: could not resolve 'Qt63DRender.dll', dependency of 'C:\\Users\\aliba\\AppData\\Roami
ng\\Python\\Python311\\site-packages\\PyQt6\\Qt6\\plugins\\sceneparsers\\assimpsceneimport.dll'.
101294 WARNING: Library not found: could not resolve 'Qt63DExtras.dll', dependency of 'C:\\Users\\aliba\\AppData\\Roami
ng\\Python\\Python311\\site-packages\\PyQt6\\Qt6\\plugins\\sceneparsers\\assimpsceneimport.dll'.
101294 WARNING: Library not found: could not resolve 'Qt63DCore.dll', dependency of 'C:\\Users\\aliba\\AppData\\Roaming
\\Python\\Python311\\site-packages\\PyQt6\\Qt6\\plugins\\sceneparsers\\gltfsceneexport.dll'.
101295 WARNING: Library not found: could not resolve 'Qt63DRender.dll', dependency of 'C:\\Users\\aliba\\AppData\\Roami
ng\\Python\\Python311\\site-packages\\PyQt6\\Qt6\\plugins\\sceneparsers\\gltfsceneexport.dll'.
101295 WARNING: Library not found: could not resolve 'Qt63DExtras.dll', dependency of 'C:\\Users\\aliba\\AppData\\Roami
ng\\Python\\Python311\\site-packages\\PyQt6\\Qt6\\plugins\\sceneparsers\\gltfsceneexport.dll'.
101295 WARNING: Library not found: could not resolve 'Qt63DCore.dll', dependency of 'C:\\Users\\aliba\\AppData\\Roaming
\\Python\\Python311\\site-packages\\PyQt6\\Qt6\\plugins\\sceneparsers\\gltfsceneimport.dll'.
101296 WARNING: Library not found: could not resolve 'Qt63DRender.dll', dependency of 'C:\\Users\\aliba\\AppData\\Roami
ng\\Python\\Python311\\site-packages\\PyQt6\\Qt6\\plugins\\sceneparsers\\gltfsceneimport.dll'.
101296 WARNING: Library not found: could not resolve 'Qt63DExtras.dll', dependency of 'C:\\Users\\aliba\\AppData\\Roami
ng\\Python\\Python311\\site-packages\\PyQt6\\Qt6\\plugins\\sceneparsers\\gltfsceneimport.dll'.
101297 WARNING: Library not found: could not resolve 'MIMAPI64.dll', dependency of 
'C:\\Users\\aliba\\AppData\\Roaming\\Python\\Python311\\site-packages\\PyQt6\\Qt6\\plugins\\sqldrivers\\qsqlmimer.dll'.
101298 WARNING: Library not found: could not resolve 'LIBPQ.dll', dependency of 
'C:\\Users\\aliba\\AppData\\Roaming\\Python\\Python311\\site-packages\\PyQt6\\Qt6\\plugins\\sqldrivers\\qsqlpsql.dll'.
101299 WARNING: Library not found: could not resolve 'Qt6WebView.dll', dependency of 'C:\\Users\\aliba\\AppData\\Roamin
g\\Python\\Python311\\site-packages\\PyQt6\\Qt6\\plugins\\webview\\qtwebview_webengine.dll'.
101299 WARNING: Library not found: could not resolve 'Qt6WebEngineCore.dll', dependency of 'C:\\Users\\aliba\\AppData\\
Roaming\\Python\\Python311\\site-packages\\PyQt6\\Qt6\\plugins\\webview\\qtwebview_webengine.dll'.
101299 WARNING: Library not found: could not resolve 'Qt6WebViewQuick.dll', dependency of 'C:\\Users\\aliba\\AppData\\R
oaming\\Python\\Python311\\site-packages\\PyQt6\\Qt6\\plugins\\webview\\qtwebview_webengine.dll'.
101300 WARNING: Library not found: could not resolve 'Qt6WebEngineQuick.dll', dependency of 'C:\\Users\\aliba\\AppData\
\Roaming\\Python\\Python311\\site-packages\\PyQt6\\Qt6\\plugins\\webview\\qtwebview_webengine.dll'.
101300 WARNING: Library not found: could not resolve 'Qt6QmlXmlListModel.dll', dependency of 'C:\\Users\\aliba\\AppData
\\Roaming\\Python\\Python311\\site-packages\\PyQt6\\Qt6\\qml\\QtQml\\XmlListModel\\qmlxmllistmodelplugin.dll'.
101301 WARNING: Library not found: could not resolve 'Qt6Quick3DParticleEffects.dll', dependency of 'C:\\Users\\aliba\\
AppData\\Roaming\\Python\\Python311\\site-packages\\PyQt6\\Qt6\\qml\\QtQuick3D\\ParticleEffects\\qtquick3dparticleeffec
tsplugin.dll'.
101301 WARNING: Library not found: could not resolve 'Qt6QuickControls2WindowsStyleImpl.dll', dependency of 'C:\\Users\
\aliba\\AppData\\Roaming\\Python\\Python311\\site-packages\\PyQt6\\Qt6\\qml\\QtQuick\\Controls\\Windows\\impl\\qtquickc
ontrols2windowsstyleimplplugin.dll'.
101301 WARNING: Library not found: could not resolve 'Qt6QuickEffects.dll', dependency of 'C:\\Users\\aliba\\AppData\\R
oaming\\Python\\Python311\\site-packages\\PyQt6\\Qt6\\qml\\QtQuick\\Effects\\effectsplugin.dll'.
101301 WARNING: Library not found: could not resolve 'Qt6QmlLocalStorage.dll', dependency of 'C:\\Users\\aliba\\AppData
\\Roaming\\Python\\Python311\\site-packages\\PyQt6\\Qt6\\qml\\QtQuick\\LocalStorage\\qmllocalstorageplugin.dll'.
101303 WARNING: Library not found: could not resolve 'Qt63DQuickScene2D.dll', dependency of 'C:\\Users\\aliba\\AppData\
\Roaming\\Python\\Python311\\site-packages\\PyQt6\\Qt6\\qml\\QtQuick\\Scene2D\\qtquickscene2dplugin.dll'.
101303 WARNING: Library not found: could not resolve 'Qt63DCore.dll', dependency of 'C:\\Users\\aliba\\AppData\\Roaming
\\Python\\Python311\\site-packages\\PyQt6\\Qt6\\qml\\QtQuick\\Scene2D\\qtquickscene2dplugin.dll'.
101303 WARNING: Library not found: could not resolve 'Qt63DRender.dll', dependency of 'C:\\Users\\aliba\\AppData\\Roami
ng\\Python\\Python311\\site-packages\\PyQt6\\Qt6\\qml\\QtQuick\\Scene2D\\qtquickscene2dplugin.dll'.
101304 WARNING: Library not found: could not resolve 'Qt63DInput.dll', dependency of 'C:\\Users\\aliba\\AppData\\Roamin
g\\Python\\Python311\\site-packages\\PyQt6\\Qt6\\qml\\QtQuick\\Scene3D\\qtquickscene3dplugin.dll'.
101305 WARNING: Library not found: could not resolve 'Qt63DAnimation.dll', dependency of 'C:\\Users\\aliba\\AppData\\Ro
aming\\Python\\Python311\\site-packages\\PyQt6\\Qt6\\qml\\QtQuick\\Scene3D\\qtquickscene3dplugin.dll'.
101306 WARNING: Library not found: could not resolve 'Qt63DLogic.dll', dependency of 'C:\\Users\\aliba\\AppData\\Roamin
g\\Python\\Python311\\site-packages\\PyQt6\\Qt6\\qml\\QtQuick\\Scene3D\\qtquickscene3dplugin.dll'.
101306 WARNING: Library not found: could not resolve 'Qt63DRender.dll', dependency of 'C:\\Users\\aliba\\AppData\\Roami
ng\\Python\\Python311\\site-packages\\PyQt6\\Qt6\\qml\\QtQuick\\Scene3D\\qtquickscene3dplugin.dll'.
101307 WARNING: Library not found: could not resolve 'Qt63DCore.dll', dependency of 'C:\\Users\\aliba\\AppData\\Roaming
\\Python\\Python311\\site-packages\\PyQt6\\Qt6\\qml\\QtQuick\\Scene3D\\qtquickscene3dplugin.dll'.
101513 INFO: Warnings written to 
C:\Users\aliba\Downloads\Apollova\Apollova\Apollova-Installer\build_temp\Apollova\warn-Apollova.txt
101565 INFO: Graph cross-reference written to 
C:\Users\aliba\Downloads\Apollova\Apollova\Apollova-Installer\build_temp\Apollova\xref-Apollova.html
101740 INFO: checking PYZ
101741 INFO: Building PYZ because PYZ-00.toc is non existent
101741 INFO: Building PYZ (ZlibArchive) 
C:\Users\aliba\Downloads\Apollova\Apollova\Apollova-Installer\build_temp\Apollova\PYZ-00.pyz
102002 INFO: Building PYZ (ZlibArchive) 
C:\Users\aliba\Downloads\Apollova\Apollova\Apollova-Installer\build_temp\Apollova\PYZ-00.pyz completed successfully.
102058 INFO: checking PKG
102059 INFO: Building PKG because PKG-00.toc is non existent
102059 INFO: Building PKG (CArchive) Apollova.pkg
129641 INFO: Building PKG (CArchive) Apollova.pkg completed successfully.
129720 INFO: Bootloader C:\Program 
Files\Python311\Lib\site-packages\PyInstaller\bootloader\Windows-64bit-intel\runw.exe
129720 INFO: checking EXE
129720 INFO: Building EXE because EXE-00.toc is non existent
129720 INFO: Building EXE from EXE-00.toc
129720 INFO: Copying bootloader EXE to C:\Users\aliba\Downloads\Apollova\Apollova\Apollova-Installer\Apollova.exe
129737 INFO: Copying icon to EXE
129747 INFO: Copying version information to EXE
129833 INFO: Copying 0 resources to EXE
129833 INFO: Embedding manifest in EXE
129909 INFO: Appending PKG archive to EXE
130025 INFO: Fixing EXE headers
135429 INFO: Building EXE from EXE-00.toc completed successfully.
135494 INFO: Build complete! The results are available in: 
C:\Users\aliba\Downloads\Apollova\Apollova\Apollova-Installer
Apollova.exe done.

[Building Uninstall.exe from C:\Users\aliba\Downloads\Apollova\Apollova\Apollova-Installer\uninstall_gui.py]
192 INFO: PyInstaller: 6.19.0, contrib hooks: 2026.1
192 INFO: Python: 3.11.9
204 INFO: Platform: Windows-10-10.0.26200-SP0
204 INFO: Python environment: C:\Program Files\Python311
213 INFO: wrote C:\Users\aliba\Downloads\Apollova\Apollova\Apollova-Installer\build_temp\Uninstall.spec
217 INFO: Removing temporary files and cleaning cache in C:\Users\aliba\AppData\Local\pyinstaller
3407 INFO: Module search paths (PYTHONPATH):
['C:\\Users\\aliba\\Downloads\\Apollova\\Apollova\\Apollova-Installer',
 'C:\\Program Files\\Python311\\python311.zip',
 'C:\\Program Files\\Python311\\DLLs',
 'C:\\Program Files\\Python311\\Lib',
 'C:\\Program Files\\Python311',
 'C:\\Users\\aliba\\AppData\\Roaming\\Python\\Python311\\site-packages',
 'C:\\Program Files\\Python311\\Lib\\site-packages',
 'C:\\Program Files\\Python311\\Lib\\site-packages\\win32',
 'C:\\Program Files\\Python311\\Lib\\site-packages\\win32\\lib',
 'C:\\Program Files\\Python311\\Lib\\site-packages\\Pythonwin',
 'C:\\Users\\aliba\\Downloads\\Apollova\\Apollova\\Apollova-Installer']
4852 INFO: Appending 'binaries' from .spec
4883 INFO: Appending 'datas' from .spec
5288 INFO: checking Analysis
5289 INFO: Building Analysis because Analysis-00.toc is non existent
5289 INFO: Looking for Python shared library...
5289 INFO: Using Python shared library: C:\Program Files\Python311\python311.dll
5289 INFO: Running Analysis Analysis-00.toc
5289 INFO: Target bytecode optimization level: 0
5289 INFO: Initializing module dependency graph...
5291 INFO: Initializing module graph hook caches...
5314 INFO: Analyzing modules for base_library.zip ...
6712 INFO: Processing standard module hook 'hook-heapq.py' from 'C:\\Program 
Files\\Python311\\Lib\\site-packages\\PyInstaller\\hooks'
6825 INFO: Processing standard module hook 'hook-encodings.py' from 'C:\\Program 
Files\\Python311\\Lib\\site-packages\\PyInstaller\\hooks'
9501 INFO: Processing standard module hook 'hook-pickle.py' from 'C:\\Program 
Files\\Python311\\Lib\\site-packages\\PyInstaller\\hooks'
11543 INFO: Caching module dependency graph...
11603 INFO: Analyzing C:\Users\aliba\Downloads\Apollova\Apollova\Apollova-Installer\uninstall_gui.py
11681 INFO: Processing standard module hook 'hook-PyQt6.py' from 'C:\\Program 
Files\\Python311\\Lib\\site-packages\\PyInstaller\\hooks'
12673 INFO: Processing standard module hook 'hook-PyQt6.QtWidgets.py' from 'C:\\Program 
Files\\Python311\\Lib\\site-packages\\PyInstaller\\hooks'
19017 INFO: Processing standard module hook 'hook-PyQt6.QtCore.py' from 'C:\\Program 
Files\\Python311\\Lib\\site-packages\\PyInstaller\\hooks'
27098 INFO: Processing standard module hook 'hook-PyQt6.QtGui.py' from 'C:\\Program 
Files\\Python311\\Lib\\site-packages\\PyInstaller\\hooks'
56418 INFO: Analyzing hidden import 'PyQt6.QAxContainer'
56426 INFO: Processing standard module hook 'hook-PyQt6.QAxContainer.py' from 'C:\\Program 
Files\\Python311\\Lib\\site-packages\\PyInstaller\\hooks'
56764 INFO: Analyzing hidden import 'PyQt6.QtBluetooth'
56811 INFO: Processing standard module hook 'hook-PyQt6.QtBluetooth.py' from 'C:\\Program 
Files\\Python311\\Lib\\site-packages\\PyInstaller\\hooks'
57125 INFO: Analyzing hidden import 'PyQt6.QtDBus'
57152 INFO: Processing standard module hook 'hook-PyQt6.QtDBus.py' from 'C:\\Program 
Files\\Python311\\Lib\\site-packages\\PyInstaller\\hooks'
57751 INFO: Analyzing hidden import 'PyQt6.QtDesigner'
57779 INFO: Processing standard module hook 'hook-PyQt6.QtDesigner.py' from 'C:\\Program 
Files\\Python311\\Lib\\site-packages\\PyInstaller\\hooks'
58524 WARNING: QtLibraryInfo(PyQt6): could not find translations with base name 'designer'! These translations will 
not be collected.
58525 INFO: Analyzing hidden import 'PyQt6.QtHelp'
58542 INFO: Processing standard module hook 'hook-PyQt6.QtHelp.py' from 'C:\\Program 
Files\\Python311\\Lib\\site-packages\\PyInstaller\\hooks'
59036 INFO: Analyzing hidden import 'PyQt6.QtMultimedia'
59097 INFO: Processing standard module hook 'hook-PyQt6.QtMultimedia.py' from 'C:\\Program 
Files\\Python311\\Lib\\site-packages\\PyInstaller\\hooks'
60857 INFO: Processing standard module hook 'hook-PyQt6.QtNetwork.py' from 'C:\\Program 
Files\\Python311\\Lib\\site-packages\\PyInstaller\\hooks'
63682 INFO: Analyzing hidden import 'PyQt6.QtMultimediaWidgets'
63686 INFO: Processing standard module hook 'hook-PyQt6.QtMultimediaWidgets.py' from 'C:\\Program 
Files\\Python311\\Lib\\site-packages\\PyInstaller\\hooks'
64083 INFO: Analyzing hidden import 'PyQt6.QtNfc'
64095 INFO: Processing standard module hook 'hook-PyQt6.QtNfc.py' from 'C:\\Program 
Files\\Python311\\Lib\\site-packages\\PyInstaller\\hooks'
64407 INFO: Analyzing hidden import 'PyQt6.QtOpenGL'
64590 INFO: Processing standard module hook 'hook-PyQt6.QtOpenGL.py' from 'C:\\Program 
Files\\Python311\\Lib\\site-packages\\PyInstaller\\hooks'
65497 INFO: Analyzing hidden import 'PyQt6.QtOpenGLWidgets'
65502 INFO: Processing standard module hook 'hook-PyQt6.QtOpenGLWidgets.py' from 'C:\\Program 
Files\\Python311\\Lib\\site-packages\\PyInstaller\\hooks'
66052 INFO: Analyzing hidden import 'PyQt6.QtPdf'
66070 INFO: Processing standard module hook 'hook-PyQt6.QtPdf.py' from 'C:\\Program 
Files\\Python311\\Lib\\site-packages\\PyInstaller\\hooks'
66674 INFO: Analyzing hidden import 'PyQt6.QtPdfWidgets'
66678 INFO: Processing standard module hook 'hook-PyQt6.QtPdfWidgets.py' from 'C:\\Program 
Files\\Python311\\Lib\\site-packages\\PyInstaller\\hooks'
67036 INFO: Analyzing hidden import 'PyQt6.QtPositioning'
67066 INFO: Processing standard module hook 'hook-PyQt6.QtPositioning.py' from 'C:\\Program 
Files\\Python311\\Lib\\site-packages\\PyInstaller\\hooks'
68000 INFO: Analyzing hidden import 'PyQt6.QtPrintSupport'
68013 INFO: Processing standard module hook 'hook-PyQt6.QtPrintSupport.py' from 'C:\\Program 
Files\\Python311\\Lib\\site-packages\\PyInstaller\\hooks'
68572 INFO: Analyzing hidden import 'PyQt6.QtQml'
68637 INFO: Processing standard module hook 'hook-PyQt6.QtQml.py' from 'C:\\Program 
Files\\Python311\\Lib\\site-packages\\PyInstaller\\hooks'
80770 INFO: Analyzing hidden import 'PyQt6.QtQuick'
80878 INFO: Processing standard module hook 'hook-PyQt6.QtQuick.py' from 'C:\\Program 
Files\\Python311\\Lib\\site-packages\\PyInstaller\\hooks'
81798 INFO: Analyzing hidden import 'PyQt6.QtQuick3D'
81810 INFO: Processing standard module hook 'hook-PyQt6.QtQuick3D.py' from 'C:\\Program 
Files\\Python311\\Lib\\site-packages\\PyInstaller\\hooks'
82356 INFO: Analyzing hidden import 'PyQt6.QtQuickWidgets'
82363 INFO: Processing standard module hook 'hook-PyQt6.QtQuickWidgets.py' from 'C:\\Program 
Files\\Python311\\Lib\\site-packages\\PyInstaller\\hooks'
82787 INFO: Analyzing hidden import 'PyQt6.QtRemoteObjects'
82797 INFO: Processing standard module hook 'hook-PyQt6.QtRemoteObjects.py' from 'C:\\Program 
Files\\Python311\\Lib\\site-packages\\PyInstaller\\hooks'
83341 INFO: Analyzing hidden import 'PyQt6.QtSensors'
83368 INFO: Processing standard module hook 'hook-PyQt6.QtSensors.py' from 'C:\\Program 
Files\\Python311\\Lib\\site-packages\\PyInstaller\\hooks'
84285 INFO: Analyzing hidden import 'PyQt6.QtSerialPort'
84293 INFO: Processing standard module hook 'hook-PyQt6.QtSerialPort.py' from 'C:\\Program 
Files\\Python311\\Lib\\site-packages\\PyInstaller\\hooks'
84692 INFO: Analyzing hidden import 'PyQt6.QtSpatialAudio'
84709 INFO: Processing standard module hook 'hook-PyQt6.QtSpatialAudio.py' from 'C:\\Program 
Files\\Python311\\Lib\\site-packages\\PyInstaller\\hooks'
85206 INFO: Analyzing hidden import 'PyQt6.QtSql'
85249 INFO: Processing standard module hook 'hook-PyQt6.QtSql.py' from 'C:\\Program 
Files\\Python311\\Lib\\site-packages\\PyInstaller\\hooks'
86936 INFO: Analyzing hidden import 'PyQt6.QtSvg'
86948 INFO: Processing standard module hook 'hook-PyQt6.QtSvg.py' from 'C:\\Program 
Files\\Python311\\Lib\\site-packages\\PyInstaller\\hooks'
87659 INFO: Analyzing hidden import 'PyQt6.QtSvgWidgets'
87666 INFO: Processing standard module hook 'hook-PyQt6.QtSvgWidgets.py' from 'C:\\Program 
Files\\Python311\\Lib\\site-packages\\PyInstaller\\hooks'
88280 INFO: Analyzing hidden import 'PyQt6.QtTest'
88292 INFO: Processing standard module hook 'hook-PyQt6.QtTest.py' from 'C:\\Program 
Files\\Python311\\Lib\\site-packages\\PyInstaller\\hooks'
89095 INFO: Analyzing hidden import 'PyQt6.QtTextToSpeech'
89107 INFO: Processing standard module hook 'hook-PyQt6.QtTextToSpeech.py' from 'C:\\Program 
Files\\Python311\\Lib\\site-packages\\PyInstaller\\hooks'
90863 INFO: Analyzing hidden import 'PyQt6.QtWebChannel'
90867 INFO: Processing standard module hook 'hook-PyQt6.QtWebChannel.py' from 'C:\\Program 
Files\\Python311\\Lib\\site-packages\\PyInstaller\\hooks'
91760 INFO: Analyzing hidden import 'PyQt6.QtWebSockets'
91783 INFO: Processing standard module hook 'hook-PyQt6.QtWebSockets.py' from 'C:\\Program 
Files\\Python311\\Lib\\site-packages\\PyInstaller\\hooks'
92618 INFO: Analyzing hidden import 'PyQt6.QtXml'
92652 INFO: Processing standard module hook 'hook-PyQt6.QtXml.py' from 'C:\\Program 
Files\\Python311\\Lib\\site-packages\\PyInstaller\\hooks'
93424 INFO: Analyzing hidden import 'PyQt6.lupdate'
93435 INFO: Processing standard module hook 'hook-PyQt6.uic.py' from 'C:\\Program 
Files\\Python311\\Lib\\site-packages\\PyInstaller\\hooks'
93908 INFO: Processing standard module hook 'hook-xml.py' from 'C:\\Program 
Files\\Python311\\Lib\\site-packages\\PyInstaller\\hooks'
93957 INFO: Processing standard module hook 'hook-xml.etree.cElementTree.py' from 'C:\\Program 
Files\\Python311\\Lib\\site-packages\\PyInstaller\\hooks'
94288 INFO: Processing standard module hook 'hook-multiprocessing.util.py' from 'C:\\Program 
Files\\Python311\\Lib\\site-packages\\PyInstaller\\hooks'
94972 INFO: Processing standard module hook 'hook-_ctypes.py' from 'C:\\Program 
Files\\Python311\\Lib\\site-packages\\PyInstaller\\hooks'
95053 INFO: Analyzing hidden import 'PyQt6.lupdate.pylupdate'
95057 INFO: Analyzing hidden import 'PyQt6.uic.pyuic'
95063 INFO: Processing module hooks (post-graph stage)...
95621 INFO: Performing binary vs. data reclassification (2443 entries)
96626 INFO: Looking for ctypes DLLs
96647 INFO: Analyzing run-time hooks ...
96648 INFO: Including run-time hook 'pyi_rth_inspect.py' from 'C:\\Program 
Files\\Python311\\Lib\\site-packages\\PyInstaller\\hooks\\rthooks'
96652 INFO: Including run-time hook 'pyi_rth_pkgutil.py' from 'C:\\Program 
Files\\Python311\\Lib\\site-packages\\PyInstaller\\hooks\\rthooks'
96656 INFO: Including run-time hook 'pyi_rth_multiprocessing.py' from 'C:\\Program 
Files\\Python311\\Lib\\site-packages\\PyInstaller\\hooks\\rthooks'
96659 INFO: Including run-time hook 'pyi_rth_pyqt6.py' from 'C:\\Program 
Files\\Python311\\Lib\\site-packages\\PyInstaller\\hooks\\rthooks'
96661 INFO: Processing pre-find-module-path hook 'hook-_pyi_rth_utils.py' from 'C:\\Program 
Files\\Python311\\Lib\\site-packages\\PyInstaller\\hooks\\pre_find_module_path'
96665 INFO: Processing standard module hook 'hook-_pyi_rth_utils.py' from 'C:\\Program 
Files\\Python311\\Lib\\site-packages\\PyInstaller\\hooks'
96815 INFO: Creating base_library.zip...
96853 INFO: Looking for dynamic libraries
97172 INFO: Extra DLL search directories (AddDllDirectory): 
['C:\\Users\\aliba\\AppData\\Roaming\\Python\\Python311\\site-packages\\PyQt6\\Qt6\\bin']
97172 INFO: Extra DLL search directories (PATH): 
['C:\\Users\\aliba\\AppData\\Roaming\\Python\\Python311\\site-packages\\PyQt6\\Qt6\\bin']
103131 WARNING: Library not found: could not resolve 'Qt63DRender.dll', dependency of 'C:\\Users\\aliba\\AppData\\Roami
ng\\Python\\Python311\\site-packages\\PyQt6\\Qt6\\plugins\\geometryloaders\\defaultgeometryloader.dll'.
103131 WARNING: Library not found: could not resolve 'Qt63DCore.dll', dependency of 'C:\\Users\\aliba\\AppData\\Roaming
\\Python\\Python311\\site-packages\\PyQt6\\Qt6\\plugins\\geometryloaders\\defaultgeometryloader.dll'.
103131 WARNING: Library not found: could not resolve 'Qt63DRender.dll', dependency of 'C:\\Users\\aliba\\AppData\\Roami
ng\\Python\\Python311\\site-packages\\PyQt6\\Qt6\\plugins\\geometryloaders\\gltfgeometryloader.dll'.
103132 WARNING: Library not found: could not resolve 'Qt63DCore.dll', dependency of 'C:\\Users\\aliba\\AppData\\Roaming
\\Python\\Python311\\site-packages\\PyQt6\\Qt6\\plugins\\geometryloaders\\gltfgeometryloader.dll'.
103132 WARNING: Library not found: could not resolve 'swscale-8.dll', dependency of 'C:\\Users\\aliba\\AppData\\Roaming
\\Python\\Python311\\site-packages\\PyQt6\\Qt6\\plugins\\multimedia\\ffmpegmediaplugin.dll'.
103133 WARNING: Library not found: could not resolve 'avcodec-61.dll', dependency of 'C:\\Users\\aliba\\AppData\\Roamin
g\\Python\\Python311\\site-packages\\PyQt6\\Qt6\\plugins\\multimedia\\ffmpegmediaplugin.dll'.
103135 WARNING: Library not found: could not resolve 'avutil-59.dll', dependency of 'C:\\Users\\aliba\\AppData\\Roaming
\\Python\\Python311\\site-packages\\PyQt6\\Qt6\\plugins\\multimedia\\ffmpegmediaplugin.dll'.
103135 WARNING: Library not found: could not resolve 'avformat-61.dll', dependency of 'C:\\Users\\aliba\\AppData\\Roami
ng\\Python\\Python311\\site-packages\\PyQt6\\Qt6\\plugins\\multimedia\\ffmpegmediaplugin.dll'.
103136 WARNING: Library not found: could not resolve 'swresample-5.dll', dependency of 'C:\\Users\\aliba\\AppData\\Roam
ing\\Python\\Python311\\site-packages\\PyQt6\\Qt6\\plugins\\multimedia\\ffmpegmediaplugin.dll'.
103138 WARNING: Library not found: could not resolve 'Qt6QmlCompiler.dll', dependency of 'C:\\Users\\aliba\\AppData\\Ro
aming\\Python\\Python311\\site-packages\\PyQt6\\Qt6\\plugins\\qmllint\\quicklintplugin.dll'.
103138 WARNING: Library not found: could not resolve 'Qt63DRender.dll', dependency of 'C:\\Users\\aliba\\AppData\\Roami
ng\\Python\\Python311\\site-packages\\PyQt6\\Qt6\\plugins\\renderers\\openglrenderer.dll'.
103139 WARNING: Library not found: could not resolve 'Qt63DCore.dll', dependency of 'C:\\Users\\aliba\\AppData\\Roaming
\\Python\\Python311\\site-packages\\PyQt6\\Qt6\\plugins\\renderers\\openglrenderer.dll'.
103139 WARNING: Library not found: could not resolve 'Qt63DRender.dll', dependency of 'C:\\Users\\aliba\\AppData\\Roami
ng\\Python\\Python311\\site-packages\\PyQt6\\Qt6\\plugins\\renderers\\rhirenderer.dll'.
103140 WARNING: Library not found: could not resolve 'Qt63DCore.dll', dependency of 'C:\\Users\\aliba\\AppData\\Roaming
\\Python\\Python311\\site-packages\\PyQt6\\Qt6\\plugins\\renderers\\rhirenderer.dll'.
103141 WARNING: Library not found: could not resolve 'Qt63DRender.dll', dependency of 'C:\\Users\\aliba\\AppData\\Roami
ng\\Python\\Python311\\site-packages\\PyQt6\\Qt6\\plugins\\sceneparsers\\assimpsceneimport.dll'.
103141 WARNING: Library not found: could not resolve 'Qt63DCore.dll', dependency of 'C:\\Users\\aliba\\AppData\\Roaming
\\Python\\Python311\\site-packages\\PyQt6\\Qt6\\plugins\\sceneparsers\\assimpsceneimport.dll'.
103142 WARNING: Library not found: could not resolve 'Qt63DExtras.dll', dependency of 'C:\\Users\\aliba\\AppData\\Roami
ng\\Python\\Python311\\site-packages\\PyQt6\\Qt6\\plugins\\sceneparsers\\assimpsceneimport.dll'.
103143 WARNING: Library not found: could not resolve 'Qt63DAnimation.dll', dependency of 'C:\\Users\\aliba\\AppData\\Ro
aming\\Python\\Python311\\site-packages\\PyQt6\\Qt6\\plugins\\sceneparsers\\assimpsceneimport.dll'.
103144 WARNING: Library not found: could not resolve 'Qt63DRender.dll', dependency of 'C:\\Users\\aliba\\AppData\\Roami
ng\\Python\\Python311\\site-packages\\PyQt6\\Qt6\\plugins\\sceneparsers\\gltfsceneexport.dll'.
103145 WARNING: Library not found: could not resolve 'Qt63DCore.dll', dependency of 'C:\\Users\\aliba\\AppData\\Roaming
\\Python\\Python311\\site-packages\\PyQt6\\Qt6\\plugins\\sceneparsers\\gltfsceneexport.dll'.
103145 WARNING: Library not found: could not resolve 'Qt63DExtras.dll', dependency of 'C:\\Users\\aliba\\AppData\\Roami
ng\\Python\\Python311\\site-packages\\PyQt6\\Qt6\\plugins\\sceneparsers\\gltfsceneexport.dll'.
103146 WARNING: Library not found: could not resolve 'Qt63DRender.dll', dependency of 'C:\\Users\\aliba\\AppData\\Roami
ng\\Python\\Python311\\site-packages\\PyQt6\\Qt6\\plugins\\sceneparsers\\gltfsceneimport.dll'.
103146 WARNING: Library not found: could not resolve 'Qt63DCore.dll', dependency of 'C:\\Users\\aliba\\AppData\\Roaming
\\Python\\Python311\\site-packages\\PyQt6\\Qt6\\plugins\\sceneparsers\\gltfsceneimport.dll'.
103147 WARNING: Library not found: could not resolve 'Qt63DExtras.dll', dependency of 'C:\\Users\\aliba\\AppData\\Roami
ng\\Python\\Python311\\site-packages\\PyQt6\\Qt6\\plugins\\sceneparsers\\gltfsceneimport.dll'.
103148 WARNING: Library not found: could not resolve 'MIMAPI64.dll', dependency of 
'C:\\Users\\aliba\\AppData\\Roaming\\Python\\Python311\\site-packages\\PyQt6\\Qt6\\plugins\\sqldrivers\\qsqlmimer.dll'.
103148 WARNING: Library not found: could not resolve 'LIBPQ.dll', dependency of 
'C:\\Users\\aliba\\AppData\\Roaming\\Python\\Python311\\site-packages\\PyQt6\\Qt6\\plugins\\sqldrivers\\qsqlpsql.dll'.
103150 WARNING: Library not found: could not resolve 'Qt6WebView.dll', dependency of 'C:\\Users\\aliba\\AppData\\Roamin
g\\Python\\Python311\\site-packages\\PyQt6\\Qt6\\plugins\\webview\\qtwebview_webengine.dll'.
103150 WARNING: Library not found: could not resolve 'Qt6WebEngineCore.dll', dependency of 'C:\\Users\\aliba\\AppData\\
Roaming\\Python\\Python311\\site-packages\\PyQt6\\Qt6\\plugins\\webview\\qtwebview_webengine.dll'.
103151 WARNING: Library not found: could not resolve 'Qt6WebViewQuick.dll', dependency of 'C:\\Users\\aliba\\AppData\\R
oaming\\Python\\Python311\\site-packages\\PyQt6\\Qt6\\plugins\\webview\\qtwebview_webengine.dll'.
103153 WARNING: Library not found: could not resolve 'Qt6WebEngineQuick.dll', dependency of 'C:\\Users\\aliba\\AppData\
\Roaming\\Python\\Python311\\site-packages\\PyQt6\\Qt6\\plugins\\webview\\qtwebview_webengine.dll'.
103153 WARNING: Library not found: could not resolve 'Qt6QmlXmlListModel.dll', dependency of 'C:\\Users\\aliba\\AppData
\\Roaming\\Python\\Python311\\site-packages\\PyQt6\\Qt6\\qml\\QtQml\\XmlListModel\\qmlxmllistmodelplugin.dll'.
103153 WARNING: Library not found: could not resolve 'Qt6Quick3DParticleEffects.dll', dependency of 'C:\\Users\\aliba\\
AppData\\Roaming\\Python\\Python311\\site-packages\\PyQt6\\Qt6\\qml\\QtQuick3D\\ParticleEffects\\qtquick3dparticleeffec
tsplugin.dll'.
103154 WARNING: Library not found: could not resolve 'Qt6QuickControls2WindowsStyleImpl.dll', dependency of 'C:\\Users\
\aliba\\AppData\\Roaming\\Python\\Python311\\site-packages\\PyQt6\\Qt6\\qml\\QtQuick\\Controls\\Windows\\impl\\qtquickc
ontrols2windowsstyleimplplugin.dll'.
103155 WARNING: Library not found: could not resolve 'Qt6QuickEffects.dll', dependency of 'C:\\Users\\aliba\\AppData\\R
oaming\\Python\\Python311\\site-packages\\PyQt6\\Qt6\\qml\\QtQuick\\Effects\\effectsplugin.dll'.
103155 WARNING: Library not found: could not resolve 'Qt6QmlLocalStorage.dll', dependency of 'C:\\Users\\aliba\\AppData
\\Roaming\\Python\\Python311\\site-packages\\PyQt6\\Qt6\\qml\\QtQuick\\LocalStorage\\qmllocalstorageplugin.dll'.
103156 WARNING: Library not found: could not resolve 'Qt63DRender.dll', dependency of 'C:\\Users\\aliba\\AppData\\Roami
ng\\Python\\Python311\\site-packages\\PyQt6\\Qt6\\qml\\QtQuick\\Scene2D\\qtquickscene2dplugin.dll'.
103156 WARNING: Library not found: could not resolve 'Qt63DCore.dll', dependency of 'C:\\Users\\aliba\\AppData\\Roaming
\\Python\\Python311\\site-packages\\PyQt6\\Qt6\\qml\\QtQuick\\Scene2D\\qtquickscene2dplugin.dll'.
103157 WARNING: Library not found: could not resolve 'Qt63DQuickScene2D.dll', dependency of 'C:\\Users\\aliba\\AppData\
\Roaming\\Python\\Python311\\site-packages\\PyQt6\\Qt6\\qml\\QtQuick\\Scene2D\\qtquickscene2dplugin.dll'.
103157 WARNING: Library not found: could not resolve 'Qt63DRender.dll', dependency of 'C:\\Users\\aliba\\AppData\\Roami
ng\\Python\\Python311\\site-packages\\PyQt6\\Qt6\\qml\\QtQuick\\Scene3D\\qtquickscene3dplugin.dll'.
103158 WARNING: Library not found: could not resolve 'Qt63DCore.dll', dependency of 'C:\\Users\\aliba\\AppData\\Roaming
\\Python\\Python311\\site-packages\\PyQt6\\Qt6\\qml\\QtQuick\\Scene3D\\qtquickscene3dplugin.dll'.
103158 WARNING: Library not found: could not resolve 'Qt63DLogic.dll', dependency of 'C:\\Users\\aliba\\AppData\\Roamin
g\\Python\\Python311\\site-packages\\PyQt6\\Qt6\\qml\\QtQuick\\Scene3D\\qtquickscene3dplugin.dll'.
103158 WARNING: Library not found: could not resolve 'Qt63DAnimation.dll', dependency of 'C:\\Users\\aliba\\AppData\\Ro
aming\\Python\\Python311\\site-packages\\PyQt6\\Qt6\\qml\\QtQuick\\Scene3D\\qtquickscene3dplugin.dll'.
103159 WARNING: Library not found: could not resolve 'Qt63DInput.dll', dependency of 'C:\\Users\\aliba\\AppData\\Roamin
g\\Python\\Python311\\site-packages\\PyQt6\\Qt6\\qml\\QtQuick\\Scene3D\\qtquickscene3dplugin.dll'.
103358 INFO: Warnings written to 
C:\Users\aliba\Downloads\Apollova\Apollova\Apollova-Installer\build_temp\Uninstall\warn-Uninstall.txt
103398 INFO: Graph cross-reference written to 
C:\Users\aliba\Downloads\Apollova\Apollova\Apollova-Installer\build_temp\Uninstall\xref-Uninstall.html
103548 INFO: checking PYZ
103548 INFO: Building PYZ because PYZ-00.toc is non existent
103548 INFO: Building PYZ (ZlibArchive) 
C:\Users\aliba\Downloads\Apollova\Apollova\Apollova-Installer\build_temp\Uninstall\PYZ-00.pyz
103806 INFO: Building PYZ (ZlibArchive) 
C:\Users\aliba\Downloads\Apollova\Apollova\Apollova-Installer\build_temp\Uninstall\PYZ-00.pyz completed successfully.
103868 INFO: checking PKG
103868 INFO: Building PKG because PKG-00.toc is non existent
103868 INFO: Building PKG (CArchive) Uninstall.pkg
131357 INFO: Building PKG (CArchive) Uninstall.pkg completed successfully.
131423 INFO: Bootloader C:\Program 
Files\Python311\Lib\site-packages\PyInstaller\bootloader\Windows-64bit-intel\runw.exe
131423 INFO: checking EXE
131423 INFO: Building EXE because EXE-00.toc is non existent
131423 INFO: Building EXE from EXE-00.toc
131423 INFO: Copying bootloader EXE to C:\Users\aliba\Downloads\Apollova\Apollova\Apollova-Installer\Uninstall.exe
131441 INFO: Copying icon to EXE
131450 INFO: Copying version information to EXE
131523 INFO: Copying 0 resources to EXE
131523 INFO: Embedding manifest in EXE
131584 INFO: Appending PKG archive to EXE
131701 INFO: Fixing EXE headers
136840 INFO: Building EXE from EXE-00.toc completed successfully.
136889 INFO: Build complete! The results are available in: 
C:\Users\aliba\Downloads\Apollova\Apollova\Apollova-Installer
Uninstall.exe done.


========================================
  All 3 executables built successfully!

  Setup.exe      - Self-contained installer (ships alone)
  Apollova.exe   - Launch the main app
  Uninstall.exe  - Remove Apollova
========================================

